<?xml version="1.0" encoding="UTF-8"?>
<testng-results ignored="0" total="1" passed="1" failed="0" skipped="0">
  <reporter-output>
    <line>
      <![CDATA[Database connection is started]]>
    </line>
    <line>
      <![CDATA[Browser is launched]]>
    </line>
    <line>
      <![CDATA[Browser is maximized]]>
    </line>
    <line>
      <![CDATA[Browser is navigated to application]]>
    </line>
    <line>
      <![CDATA[Database connection flushed out or removed]]>
    </line>
  </reporter-output>
  <suite started-at="2024-12-01T12:58:45 IST" name="Default suite" finished-at="2024-12-01T12:59:09 IST" duration-ms="24525">
    <groups>
    </groups>
    <test started-at="2024-12-01T12:58:45 IST" name="Default test" finished-at="2024-12-01T12:59:09 IST" duration-ms="24525">
      <class name="TestScripts.TC04_WishList_test">
        <test-method is-config="true" signature="beforeSuiteConfig()[pri:0, instance:TestScripts.TC04_WishList_test@4afcd809]" started-at="2024-12-01T12:58:45 IST" name="beforeSuiteConfig" finished-at="2024-12-01T12:58:45 IST" duration-ms="12" status="PASS">
          <reporter-output>
            <line>
              <![CDATA[Database connection is started]]>
            </line>
          </reporter-output>
        </test-method> <!-- beforeSuiteConfig -->
        <test-method is-config="true" signature="toLaunchBrowser()[pri:0, instance:TestScripts.TC04_WishList_test@4afcd809]" started-at="2024-12-01T12:58:45 IST" name="toLaunchBrowser" finished-at="2024-12-01T12:58:47 IST" duration-ms="2495" status="PASS">
          <reporter-output>
            <line>
              <![CDATA[Browser is launched]]>
            </line>
            <line>
              <![CDATA[Browser is maximized]]>
            </line>
          </reporter-output>
        </test-method> <!-- toLaunchBrowser -->
        <test-method is-config="true" signature="navigateToURL()[pri:0, instance:TestScripts.TC04_WishList_test@4afcd809]" started-at="2024-12-01T12:58:47 IST" name="navigateToURL" finished-at="2024-12-01T12:58:52 IST" duration-ms="4844" status="PASS">
          <reporter-output>
            <line>
              <![CDATA[Browser is navigated to application]]>
            </line>
          </reporter-output>
        </test-method> <!-- navigateToURL -->
        <test-method signature="wishList()[pri:0, instance:TestScripts.TC04_WishList_test@4afcd809]" started-at="2024-12-01T12:58:52 IST" name="wishList" finished-at="2024-12-01T12:59:08 IST" duration-ms="15621" status="PASS">
          <reporter-output>
          </reporter-output>
        </test-method> <!-- wishList -->
        <test-method is-config="true" signature="logoutFromApplication()[pri:0, instance:TestScripts.TC04_WishList_test@4afcd809]" started-at="2024-12-01T12:59:08 IST" name="logoutFromApplication" finished-at="2024-12-01T12:59:08 IST" duration-ms="0" status="PASS">
          <reporter-output>
          </reporter-output>
        </test-method> <!-- logoutFromApplication -->
        <test-method is-config="true" signature="toCloseBrowser()[pri:0, instance:TestScripts.TC04_WishList_test@4afcd809]" started-at="2024-12-01T12:59:08 IST" name="toCloseBrowser" finished-at="2024-12-01T12:59:09 IST" duration-ms="1514" status="PASS">
          <reporter-output>
          </reporter-output>
        </test-method> <!-- toCloseBrowser -->
        <test-method is-config="true" signature="afterSuiteConfig()[pri:0, instance:TestScripts.TC04_WishList_test@4afcd809]" started-at="2024-12-01T12:59:09 IST" name="afterSuiteConfig" finished-at="2024-12-01T12:59:09 IST" duration-ms="0" status="PASS">
          <reporter-output>
            <line>
              <![CDATA[Database connection flushed out or removed]]>
            </line>
          </reporter-output>
        </test-method> <!-- afterSuiteConfig -->
      </class> <!-- TestScripts.TC04_WishList_test -->
    </test> <!-- Default test -->
  </suite> <!-- Default suite -->
</testng-results>
